mupdflib/build/outputs/logs/manifest-merger-release-report.txt
-- Merging decision tree log ---
manifest
ADDED from src\main\AndroidManifest.xml:2:1-38:12
INJECTED from src\main\AndroidManifest.xml:2:1-38:12
INJECTED from src\main\AndroidManifest.xml:2:1-38:12
	package
		ADDED from src\main\AndroidManifest.xml:3:2-36
		INJECTED from src\main\AndroidManifest.xml
		INJECTED from src\main\AndroidManifest.xml
	xmlns:android
		ADDED from src\main\AndroidManifest.xml:2:11-69
application
ADDED from src\main\AndroidManifest.xml:5:2-37:16
activity#com.artifex.mupdf.viewer.DocumentActivity
ADDED from src\main\AndroidManifest.xml:6:3-31:14
	android:name
		ADDED from src\main\AndroidManifest.xml:7:4-36
intent-filter#android.intent.action.VIEW+android.intent.category.BROWSABLE+android.intent.category.DEFAULT
ADDED from src\main\AndroidManifest.xml:9:4-19:20
action#android.intent.action.VIEW
ADDED from src\main\AndroidManifest.xml:10:5-57
	android:name
		ADDED from src\main\AndroidManifest.xml:10:13-54
category#android.intent.category.DEFAULT
ADDED from src\main\AndroidManifest.xml:11:5-64
	android:name
		ADDED from src\main\AndroidManifest.xml:11:15-61
category#android.intent.category.BROWSABLE
ADDED from src\main\AndroidManifest.xml:12:5-66
	android:name
		ADDED from src\main\AndroidManifest.xml:12:15-63
data
ADDED from src\main\AndroidManifest.xml:13:5-48
	android:pathPattern
		ADDED from src\main\AndroidManifest.xml:24:11-41
	android:mimeType
		ADDED from src\main\AndroidManifest.xml:13:11-45
activity#com.artifex.mupdf.viewer.OutlineActivity
ADDED from src\main\AndroidManifest.xml:32:3-36:14
	android:configChanges
		ADDED from src\main\AndroidManifest.xml:34:4-65
	android:name
		ADDED from src\main\AndroidManifest.xml:33:4-35
uses-sdk
INJECTED from src\main\AndroidManifest.xml reason: use-sdk injection requested
INJECTED from src\main\AndroidManifest.xml
INJECTED from src\main\AndroidManifest.xml
INJECTED from src\main\AndroidManifest.xml
INJECTED from src\main\AndroidManifest.xml
	android:targetSdkVersion
		INJECTED from src\main\AndroidManifest.xml
		ADDED from src\main\AndroidManifest.xml
		INJECTED from src\main\AndroidManifest.xml
	android:minSdkVersion
		INJECTED from src\main\AndroidManifest.xml
		ADDED from src\main\AndroidManifest.xml
		INJECTED from src\main\AndroidManifest.xml